This is pdfTeX, Version 3.14159265-2.6-1.40.15 (TeX Live 2014/Arch Linux) (preloaded format=latex 2014.9.6)  9 OCT 2014 20:23
entering extended mode
 restricted \write18 enabled.
 %&-line parsing enabled.
**./images.tex
(./images.tex
LaTeX2e <2014/05/01>
Babel <3.9k> and hyphenation patterns for 79 languages loaded.

(/usr/share/texmf-dist/tex/latex/base/report.cls
Document Class: report 2007/10/19 v1.4h Standard LaTeX document class
(/usr/share/texmf-dist/tex/latex/base/size12.clo
File: size12.clo 2007/10/19 v1.4h Standard LaTeX file (size option)
)
\c@part=\count79
\c@chapter=\count80
\c@section=\count81
\c@subsection=\count82
\c@subsubsection=\count83
\c@paragraph=\count84
\c@subparagraph=\count85
\c@figure=\count86
\c@table=\count87
\abovecaptionskip=\skip41
\belowcaptionskip=\skip42
\bibindent=\dimen102
) (/usr/share/texmf-dist/tex/latex/base/ifthen.sty
Package: ifthen 2001/05/26 v1.1c Standard LaTeX ifthen package (DPC)
) (/usr/share/texmf-dist/tex/latex/graphics/graphicx.sty
Package: graphicx 2014/04/25 v1.0g Enhanced LaTeX Graphics (DPC,SPQR)
(/usr/share/texmf-dist/tex/latex/graphics/keyval.sty
Package: keyval 2014/05/08 v1.15 key=value parser (DPC)
\KV@toks@=\toks14
) (/usr/share/texmf-dist/tex/latex/graphics/graphics.sty
Package: graphics 2009/02/05 v1.0o Standard LaTeX Graphics (DPC,SPQR)
(/usr/share/texmf-dist/tex/latex/graphics/trig.sty
Package: trig 1999/03/16 v1.09 sin cos tan (DPC)
) (/usr/share/texmf-dist/tex/latex/latexconfig/graphics.cfg
File: graphics.cfg 2010/04/23 v1.9 graphics configuration of TeX Live
)
Package graphics Info: Driver file: dvips.def on input line 91.
(/usr/share/texmf-dist/tex/latex/graphics/dvips.def
File: dvips.def 2014/04/23 v3.0j Driver-dependant file (DPC,SPQR)
))
\Gin@req@height=\dimen103
\Gin@req@width=\dimen104
) (/usr/share/texmf-dist/tex/latex/graphics/color.sty
Package: color 2014/04/23 v1.1a Standard LaTeX Color (DPC)
(/usr/share/texmf-dist/tex/latex/latexconfig/color.cfg
File: color.cfg 2007/01/18 v1.5 color configuration of teTeX/TeXLive
)
Package color Info: Driver file: dvips.def on input line 137.
(/usr/share/texmf-dist/tex/latex/graphics/dvipsnam.def
File: dvipsnam.def 2014/04/23 v3.0j Driver-dependant file (DPC,SPQR)
)) (/usr/share/texmf-dist/tex/latex/base/inputenc.sty
Package: inputenc 2014/04/30 v1.2b Input encoding file
\inpenc@prehook=\toks15
\inpenc@posthook=\toks16
)
\sizebox=\box26
\lthtmlwrite=\write3
(./images.aux)
\openout1 = `images.aux'.

LaTeX Font Info:    Checking defaults for OML/cmm/m/it on input line 137.
LaTeX Font Info:    ... okay on input line 137.
LaTeX Font Info:    Checking defaults for T1/cmr/m/n on input line 137.
LaTeX Font Info:    ... okay on input line 137.
LaTeX Font Info:    Checking defaults for OT1/cmr/m/n on input line 137.
LaTeX Font Info:    ... okay on input line 137.
LaTeX Font Info:    Checking defaults for OMS/cmsy/m/n on input line 137.
LaTeX Font Info:    ... okay on input line 137.
LaTeX Font Info:    Checking defaults for OMX/cmex/m/n on input line 137.
LaTeX Font Info:    ... okay on input line 137.
LaTeX Font Info:    Checking defaults for U/cmr/m/n on input line 137.
LaTeX Font Info:    ... okay on input line 137.

latex2htmlLength hsize=349.0pt

latex2htmlLength vsize=679.0pt

latex2htmlLength hoffset=0.0pt

latex2htmlLength voffset=0.0pt

latex2htmlLength topmargin=0.0pt

latex2htmlLength topskip=0.00003pt

latex2htmlLength headheight=0.0pt

latex2htmlLength headsep=0.0pt

latex2htmlLength parskip=0.0pt plus 1.0pt

latex2htmlLength oddsidemargin=31.0pt

latex2htmlLength evensidemargin=31.0pt

File: 41/lily-ca6a9030-1.eps Graphic file (type eps)
<41/lily-ca6a9030-1.eps>
Overfull \hbox (39.45123pt too wide) detected at line 164
 [] 
 []

l2hSize :tex2html_wrap387:31.11624pt::0.0pt::349.0pt.
[1



]
File: 41/lily-ca6a9030-2.eps Graphic file (type eps)
<41/lily-ca6a9030-2.eps>
Overfull \hbox (39.45123pt too wide) detected at line 170
 [] 
 []

l2hSize :tex2html_wrap388:74.2775pt::0.0pt::349.0pt.
[2


]
File: 41/lily-ca6a9030-3.eps Graphic file (type eps)
<41/lily-ca6a9030-3.eps>
Overfull \hbox (39.45123pt too wide) detected at line 176
 [] 
 []

l2hSize :tex2html_wrap389:61.22874pt::0.0pt::349.0pt.
[3


]
File: 41/lily-ca6a9030-4.eps Graphic file (type eps)
<41/lily-ca6a9030-4.eps>
Overfull \hbox (39.45123pt too wide) detected at line 182
 [] 
 []

l2hSize :tex2html_wrap390:50.1875pt::0.0pt::349.0pt.
[4


]
File: 41/lily-ca6a9030-5.eps Graphic file (type eps)
<41/lily-ca6a9030-5.eps>
Overfull \hbox (39.45123pt too wide) detected at line 188
 [] 
 []

l2hSize :tex2html_wrap391:50.1875pt::0.0pt::349.0pt.
[5


]
File: 41/lily-ca6a9030-6.eps Graphic file (type eps)
<41/lily-ca6a9030-6.eps>
Overfull \hbox (39.45123pt too wide) detected at line 194
 [] 
 []

l2hSize :tex2html_wrap392:50.1875pt::0.0pt::349.0pt.
[6


]
File: 6a/lily-87ff4ed4-1.eps Graphic file (type eps)
<6a/lily-87ff4ed4-1.eps>
Overfull \hbox (39.45123pt too wide) detected at line 201
 [] 
 []

l2hSize :tex2html_wrap394:33.12375pt::0.0pt::349.0pt.
[7


]
File: 6a/lily-87ff4ed4-2.eps Graphic file (type eps)
<6a/lily-87ff4ed4-2.eps>
l2hSize :tex2html_wrap395:16.06pt::0.0pt::349.0pt.
[8


]
File: 6a/lily-87ff4ed4-3.eps Graphic file (type eps)
<6a/lily-87ff4ed4-3.eps>
Overfull \hbox (75.58623pt too wide) detected at line 213
 [] 
 []

l2hSize :tex2html_wrap396:81.30374pt::0.0pt::349.0pt.
[9


]
File: 6a/lily-87ff4ed4-4.eps Graphic file (type eps)
<6a/lily-87ff4ed4-4.eps>
Overfull \hbox (39.45123pt too wide) detected at line 219
 [] 
 []

l2hSize :tex2html_wrap397:81.30374pt::0.0pt::349.0pt.
[10


]
File: 6a/lily-87ff4ed4-5.eps Graphic file (type eps)
<6a/lily-87ff4ed4-5.eps>
Overfull \hbox (39.45123pt too wide) detected at line 225
 [] 
 []

l2hSize :tex2html_wrap398:82.3075pt::0.0pt::349.0pt.
[11


]
File: d5/lily-a04147aa-1.eps Graphic file (type eps)
<d5/lily-a04147aa-1.eps>
Overfull \hbox (39.45123pt too wide) detected at line 232
 [] 
 []

l2hSize :tex2html_wrap400:33.12375pt::0.0pt::349.0pt.
[12


]
File: d5/lily-a04147aa-2.eps Graphic file (type eps)
<d5/lily-a04147aa-2.eps>
Overfull \hbox (39.45123pt too wide) detected at line 238
 [] 
 []

l2hSize :tex2html_wrap401:54.2025pt::0.0pt::349.0pt.
[13


]
File: 40/lily-85dcfd7a-1.eps Graphic file (type eps)
<40/lily-85dcfd7a-1.eps>
Overfull \hbox (39.45123pt too wide) detected at line 245
 [] 
 []

l2hSize :tex2html_wrap403:33.12375pt::0.0pt::349.0pt.
[14


]
File: 40/lily-85dcfd7a-2.eps Graphic file (type eps)
<40/lily-85dcfd7a-2.eps>
Overfull \hbox (39.45123pt too wide) detected at line 251
 [] 
 []

l2hSize :tex2html_wrap404:53.19875pt::0.0pt::349.0pt.
[15


]
File: 04/lily-1c6fc43f-1.eps Graphic file (type eps)
<04/lily-1c6fc43f-1.eps>
Overfull \hbox (39.45123pt too wide) detected at line 258
 [] 
 []

l2hSize :tex2html_wrap406:33.12375pt::0.0pt::349.0pt.
[16


]
File: 04/lily-1c6fc43f-2.eps Graphic file (type eps)
<04/lily-1c6fc43f-2.eps>
Overfull \hbox (39.45123pt too wide) detected at line 264
 [] 
 []

l2hSize :tex2html_wrap407:71.26624pt::0.0pt::349.0pt.
[17


]
File: 04/lily-1c6fc43f-3.eps Graphic file (type eps)
<04/lily-1c6fc43f-3.eps>
Overfull \hbox (39.45123pt too wide) detected at line 270
 [] 
 []

l2hSize :tex2html_wrap408:54.2025pt::0.0pt::349.0pt.
[18


]
File: 04/lily-1c6fc43f-4.eps Graphic file (type eps)
<04/lily-1c6fc43f-4.eps>
Overfull \hbox (39.45123pt too wide) detected at line 276
 [] 
 []

l2hSize :tex2html_wrap409:21.07874pt::0.0pt::349.0pt.
[19


]
File: 7e/lily-52eefabf-1.eps Graphic file (type eps)
<7e/lily-52eefabf-1.eps>
l2hSize :tex2html_wrap410:10.0375pt::0.0pt::349.0pt.
[20


]
File: 7e/lily-52eefabf-2.eps Graphic file (type eps)
<7e/lily-52eefabf-2.eps>
Overfull \hbox (39.45123pt too wide) detected at line 288
 [] 
 []

l2hSize :tex2html_wrap411:63.23624pt::0.0pt::349.0pt.
[21


]
File: 7e/lily-52eefabf-3.eps Graphic file (type eps)
<7e/lily-52eefabf-3.eps>
Overfull \hbox (39.45123pt too wide) detected at line 294
 [] 
 []

l2hSize :tex2html_wrap412:6.02248pt::0.0pt::349.0pt.
[22


]
File: 7e/lily-52eefabf-4.eps Graphic file (type eps)
<7e/lily-52eefabf-4.eps>
l2hSize :tex2html_wrap413:10.0375pt::0.0pt::349.0pt.
[23


]
File: 7e/lily-52eefabf-5.eps Graphic file (type eps)
<7e/lily-52eefabf-5.eps>
Overfull \hbox (39.45123pt too wide) detected at line 306
 [] 
 []

l2hSize :tex2html_wrap414:64.23997pt::0.0pt::349.0pt.
[24


]
File: 54/lily-ba504bcd-1.eps Graphic file (type eps)
<54/lily-ba504bcd-1.eps>
Overfull \hbox (39.45123pt too wide) detected at line 313
 [] 
 []

l2hSize :tex2html_wrap416:33.12375pt::0.0pt::349.0pt.
[25


]
File: 54/lily-ba504bcd-2.eps Graphic file (type eps)
<54/lily-ba504bcd-2.eps>
Overfull \hbox (39.45123pt too wide) detected at line 319
 [] 
 []

l2hSize :tex2html_wrap417:48.18pt::0.0pt::349.0pt.
[26


]
File: bb/lily-4dcc1c8a-1.eps Graphic file (type eps)
<bb/lily-4dcc1c8a-1.eps>
Overfull \hbox (39.45123pt too wide) detected at line 326
 [] 
 []

l2hSize :tex2html_wrap419:33.12375pt::0.0pt::349.0pt.
[27


]
File: bb/lily-4dcc1c8a-2.eps Graphic file (type eps)
<bb/lily-4dcc1c8a-2.eps>
l2hSize :tex2html_wrap420:34.12749pt::0.0pt::349.0pt.
[28


]
File: bb/lily-4dcc1c8a-3.eps Graphic file (type eps)
<bb/lily-4dcc1c8a-3.eps>
Overfull \hbox (39.45123pt too wide) detected at line 338
 [] 
 []

l2hSize :tex2html_wrap421:53.19875pt::0.0pt::349.0pt.
[29


]
File: 02/lily-2ffcc94c-1.eps Graphic file (type eps)
<02/lily-2ffcc94c-1.eps>
Overfull \hbox (39.45123pt too wide) detected at line 345
 [] 
 []

l2hSize :tex2html_wrap423:48.18pt::0.0pt::349.0pt.
[30


]
File: 02/lily-2ffcc94c-2.eps Graphic file (type eps)
<02/lily-2ffcc94c-2.eps>
Overfull \hbox (38.44748pt too wide) detected at line 351
 [] 
 []

l2hSize :tex2html_wrap424:50.1875pt::0.0pt::349.0pt.
[31


] (./images.aux)

 *File List*
  report.cls    2007/10/19 v1.4h Standard LaTeX document class
  size12.clo    2007/10/19 v1.4h Standard LaTeX file (size option)
  ifthen.sty    2001/05/26 v1.1c Standard LaTeX ifthen package (DPC)
graphicx.sty    2014/04/25 v1.0g Enhanced LaTeX Graphics (DPC,SPQR)
  keyval.sty    2014/05/08 v1.15 key=value parser (DPC)
graphics.sty    2009/02/05 v1.0o Standard LaTeX Graphics (DPC,SPQR)
    trig.sty    1999/03/16 v1.09 sin cos tan (DPC)
graphics.cfg    2010/04/23 v1.9 graphics configuration of TeX Live
   dvips.def    2014/04/23 v3.0j Driver-dependant file (DPC,SPQR)
   color.sty    2014/04/23 v1.1a Standard LaTeX Color (DPC)
   color.cfg    2007/01/18 v1.5 color configuration of teTeX/TeXLive
dvipsnam.def    2014/04/23 v3.0j Driver-dependant file (DPC,SPQR)
inputenc.sty    2014/04/30 v1.2b Input encoding file
41/lily-ca6a9030-1.eps
41/lily-ca6a9030-2.eps
41/lily-ca6a9030-3.eps
41/lily-ca6a9030-4.eps
41/lily-ca6a9030-5.eps
41/lily-ca6a9030-6.eps
6a/lily-87ff4ed4-1.eps
6a/lily-87ff4ed4-2.eps
6a/lily-87ff4ed4-3.eps
6a/lily-87ff4ed4-4.eps
6a/lily-87ff4ed4-5.eps
d5/lily-a04147aa-1.eps
d5/lily-a04147aa-2.eps
40/lily-85dcfd7a-1.eps
40/lily-85dcfd7a-2.eps
04/lily-1c6fc43f-1.eps
04/lily-1c6fc43f-2.eps
04/lily-1c6fc43f-3.eps
04/lily-1c6fc43f-4.eps
7e/lily-52eefabf-1.eps
7e/lily-52eefabf-2.eps
7e/lily-52eefabf-3.eps
7e/lily-52eefabf-4.eps
7e/lily-52eefabf-5.eps
54/lily-ba504bcd-1.eps
54/lily-ba504bcd-2.eps
bb/lily-4dcc1c8a-1.eps
bb/lily-4dcc1c8a-2.eps
bb/lily-4dcc1c8a-3.eps
02/lily-2ffcc94c-1.eps
02/lily-2ffcc94c-2.eps
 ***********

 ) 
Here is how much of TeX's memory you used:
 935 strings out of 493109
 12749 string characters out of 6140752
 59866 words of memory out of 5000000
 4411 multiletter control sequences out of 15000+600000
 3938 words of font info for 15 fonts, out of 8000000 for 9000
 1141 hyphenation exceptions out of 8191
 25i,5n,23p,185b,191s stack positions out of 5000i,500n,10000p,200000b,80000s

Output written on images.dvi (31 pages, 7232 bytes).
